<?xml version="1.0" encoding="UTF-8"?>
<testsuite name="com.jojoldu.book.springboot.web.IndexControllerTest" tests="1" skipped="0" failures="0" errors="0" timestamp="2022-11-20T11:25:53" hostname="mun-yujin-ui-MacBookAir.local" time="0.078">
  <properties/>
  <testcase name="메인페이지_로딩()" classname="com.jojoldu.book.springboot.web.IndexControllerTest" time="0.078"/>
  <system-out><![CDATA[2022-11-20 20:25:52.449  INFO 9928 --- [    Test worker] .b.t.c.SpringBootTestContextBootstrapper : Neither @ContextConfiguration nor @ContextHierarchy found for test class [com.jojoldu.book.springboot.web.IndexControllerTest], using SpringBootContextLoader
2022-11-20 20:25:52.449  INFO 9928 --- [    Test worker] o.s.t.c.support.AbstractContextLoader    : Could not detect default resource locations for test class [com.jojoldu.book.springboot.web.IndexControllerTest]: no resource found for suffixes {-context.xml, Context.groovy}.
2022-11-20 20:25:52.449  INFO 9928 --- [    Test worker] t.c.s.AnnotationConfigContextLoaderUtils : Could not detect default configuration classes for test class [com.jojoldu.book.springboot.web.IndexControllerTest]: IndexControllerTest does not declare any static, non-private, non-final, nested classes annotated with @Configuration.
2022-11-20 20:25:52.450  INFO 9928 --- [    Test worker] .b.t.c.SpringBootTestContextBootstrapper : Found @SpringBootConfiguration com.jojoldu.book.springboot.Application for test class com.jojoldu.book.springboot.web.IndexControllerTest
2022-11-20 20:25:52.450  INFO 9928 --- [    Test worker] .b.t.c.SpringBootTestContextBootstrapper : Loaded default TestExecutionListener class names from location [META-INF/spring.factories]: [org.springframework.security.test.context.support.WithSecurityContextTestExecutionListener, org.springframework.security.test.context.support.ReactorContextTestExecutionListener, org.springframework.boot.test.autoconfigure.restdocs.RestDocsTestExecutionListener, org.springframework.boot.test.autoconfigure.web.client.MockRestServiceServerResetTestExecutionListener, org.springframework.boot.test.autoconfigure.web.servlet.MockMvcPrintOnlyOnFailureTestExecutionListener, org.springframework.boot.test.autoconfigure.web.servlet.WebDriverTestExecutionListener, org.springframework.boot.test.autoconfigure.webservices.client.MockWebServiceServerTestExecutionListener, org.springframework.boot.test.mock.mockito.MockitoTestExecutionListener, org.springframework.boot.test.mock.mockito.ResetMocksTestExecutionListener, org.springframework.test.context.web.ServletTestExecutionListener, org.springframework.test.context.support.DirtiesContextBeforeModesTestExecutionListener, org.springframework.test.context.support.DependencyInjectionTestExecutionListener, org.springframework.test.context.support.DirtiesContextTestExecutionListener, org.springframework.test.context.transaction.TransactionalTestExecutionListener, org.springframework.test.context.jdbc.SqlScriptsTestExecutionListener, org.springframework.test.context.event.EventPublishingTestExecutionListener]
2022-11-20 20:25:52.451  INFO 9928 --- [    Test worker] .b.t.c.SpringBootTestContextBootstrapper : Using TestExecutionListeners: [org.springframework.test.context.web.ServletTestExecutionListener@5e49f02, org.springframework.test.context.support.DirtiesContextBeforeModesTestExecutionListener@7ab39202, org.springframework.boot.test.mock.mockito.MockitoTestExecutionListener@459a4d6c, org.springframework.boot.test.autoconfigure.SpringBootDependencyInjectionTestExecutionListener@75dbff0e, org.springframework.test.context.support.DirtiesContextTestExecutionListener@54e67238, org.springframework.test.context.transaction.TransactionalTestExecutionListener@32a3c924, org.springframework.test.context.jdbc.SqlScriptsTestExecutionListener@25450331, org.springframework.security.test.context.support.WithSecurityContextTestExecutionListener@f4cbb18, org.springframework.test.context.event.EventPublishingTestExecutionListener@68dc6f7b, org.springframework.security.test.context.support.ReactorContextTestExecutionListener@449a61ad, org.springframework.boot.test.autoconfigure.restdocs.RestDocsTestExecutionListener@494bae84, org.springframework.boot.test.autoconfigure.web.client.MockRestServiceServerResetTestExecutionListener@233548ce, org.springframework.boot.test.autoconfigure.web.servlet.MockMvcPrintOnlyOnFailureTestExecutionListener@28194c64, org.springframework.boot.test.autoconfigure.web.servlet.WebDriverTestExecutionListener@3f99d7c3, org.springframework.boot.test.autoconfigure.webservices.client.MockWebServiceServerTestExecutionListener@2bb2613a, org.springframework.boot.test.mock.mockito.ResetMocksTestExecutionListener@22c82fba]

  .   ____          _            __ _ _
 /\\ / ___'_ __ _ _(_)_ __  __ _ \ \ \ \
( ( )\___ | '_ | '_| | '_ \/ _` | \ \ \ \
 \\/  ___)| |_)| | | | | || (_| |  ) ) ) )
  '  |____| .__|_| |_|_| |_\__, | / / / /
 =========|_|==============|___/=/_/_/_/
 :: Spring Boot ::                (v2.4.1)

2022-11-20 20:25:52.463  INFO 9928 --- [    Test worker] c.j.b.s.web.IndexControllerTest          : Starting IndexControllerTest using Java 11.0.17 on mun-yujin-ui-MacBookAir.local with PID 9928 (started by yujin in /Users/yujin/Documents/동아리/GDSC/2022-02-Spring-Novice-Study/문유진)
2022-11-20 20:25:52.464  INFO 9928 --- [    Test worker] c.j.b.s.web.IndexControllerTest          : No active profile set, falling back to default profiles: default
2022-11-20 20:25:52.533  INFO 9928 --- [    Test worker] .s.d.r.c.RepositoryConfigurationDelegate : Bootstrapping Spring Data JPA repositories in DEFAULT mode.
2022-11-20 20:25:52.541  INFO 9928 --- [    Test worker] .s.d.r.c.RepositoryConfigurationDelegate : Finished Spring Data repository scanning in 7 ms. Found 2 JPA repository interfaces.
2022-11-20 20:25:52.663  INFO 9928 --- [    Test worker] o.s.b.w.embedded.tomcat.TomcatWebServer  : Tomcat initialized with port(s): 0 (http)
2022-11-20 20:25:52.669  INFO 9928 --- [    Test worker] o.apache.catalina.core.StandardService   : Starting service [Tomcat]
2022-11-20 20:25:52.669  INFO 9928 --- [    Test worker] org.apache.catalina.core.StandardEngine  : Starting Servlet engine: [Apache Tomcat/9.0.41]
2022-11-20 20:25:52.712  INFO 9928 --- [    Test worker] o.a.c.c.C.[Tomcat].[localhost].[/]       : Initializing Spring embedded WebApplicationContext
2022-11-20 20:25:52.712  INFO 9928 --- [    Test worker] w.s.c.ServletWebServerApplicationContext : Root WebApplicationContext: initialization completed in 247 ms
2022-11-20 20:25:52.727  INFO 9928 --- [    Test worker] com.zaxxer.hikari.HikariDataSource       : HikariPool-2 - Starting...
2022-11-20 20:25:52.727  INFO 9928 --- [    Test worker] com.zaxxer.hikari.HikariDataSource       : HikariPool-2 - Start completed.
2022-11-20 20:25:52.727  INFO 9928 --- [    Test worker] o.s.b.a.h2.H2ConsoleAutoConfiguration    : H2 console available at '/h2-console'. Database available at 'jdbc:h2:mem:testdb'
2022-11-20 20:25:52.772  INFO 9928 --- [    Test worker] o.hibernate.jpa.internal.util.LogHelper  : HHH000204: Processing PersistenceUnitInfo [name: default]
2022-11-20 20:25:52.775  INFO 9928 --- [    Test worker] org.hibernate.dialect.Dialect            : HHH000400: Using dialect: org.hibernate.dialect.MySQL57Dialect
Hibernate: drop table if exists posts
Hibernate: drop table if exists user
Hibernate: create table posts (id bigint not null auto_increment, created_date datetime(6), modified_date datetime(6), author varchar(255), content Text not null, title varchar(500) not null, primary key (id)) engine=InnoDB
Hibernate: create table user (id bigint not null auto_increment, created_date datetime(6), modified_date datetime(6), email varchar(255) not null, name varchar(255) not null, picture varchar(255), role varchar(255) not null, primary key (id)) engine=InnoDB
2022-11-20 20:25:52.801  INFO 9928 --- [    Test worker] o.h.e.t.j.p.i.JtaPlatformInitiator       : HHH000490: Using JtaPlatform implementation: [org.hibernate.engine.transaction.jta.platform.internal.NoJtaPlatform]
2022-11-20 20:25:52.801  INFO 9928 --- [    Test worker] j.LocalContainerEntityManagerFactoryBean : Initialized JPA EntityManagerFactory for persistence unit 'default'
2022-11-20 20:25:52.882  WARN 9928 --- [    Test worker] JpaBaseConfiguration$JpaWebConfiguration : spring.jpa.open-in-view is enabled by default. Therefore, database queries may be performed during view rendering. Explicitly configure spring.jpa.open-in-view to disable this warning
2022-11-20 20:25:52.952  INFO 9928 --- [    Test worker] o.s.s.web.DefaultSecurityFilterChain     : Will secure any request with [org.springframework.security.web.context.request.async.WebAsyncManagerIntegrationFilter@4970d840, org.springframework.security.web.context.SecurityContextPersistenceFilter@6322fc78, org.springframework.security.web.header.HeaderWriterFilter@177d2078, org.springframework.security.web.authentication.logout.LogoutFilter@acb6bed, org.springframework.security.oauth2.client.web.OAuth2AuthorizationRequestRedirectFilter@ede3d22, org.springframework.security.oauth2.client.web.OAuth2LoginAuthenticationFilter@7a3d615c, org.springframework.security.web.authentication.ui.DefaultLoginPageGeneratingFilter@1c8149d, org.springframework.security.web.authentication.ui.DefaultLogoutPageGeneratingFilter@2196cc46, org.springframework.security.web.savedrequest.RequestCacheAwareFilter@68a2fd67, org.springframework.security.web.servletapi.SecurityContextHolderAwareRequestFilter@16227eeb, org.springframework.security.web.authentication.AnonymousAuthenticationFilter@5edec27b, org.springframework.security.web.session.SessionManagementFilter@3294ad27, org.springframework.security.web.access.ExceptionTranslationFilter@4c78ee7d, org.springframework.security.web.access.intercept.FilterSecurityInterceptor@5657cb3b]
2022-11-20 20:25:52.991  INFO 9928 --- [    Test worker] o.s.s.concurrent.ThreadPoolTaskExecutor  : Initializing ExecutorService 'applicationTaskExecutor'
2022-11-20 20:25:53.004  INFO 9928 --- [    Test worker] o.s.b.a.w.s.WelcomePageHandlerMapping    : Adding welcome page template: index
2022-11-20 20:25:53.078  INFO 9928 --- [    Test worker] o.s.b.w.embedded.tomcat.TomcatWebServer  : Tomcat started on port(s): 53157 (http) with context path ''
2022-11-20 20:25:53.080  INFO 9928 --- [    Test worker] s.a.ScheduledAnnotationBeanPostProcessor : No TaskScheduler/ScheduledExecutorService bean found for scheduled processing
2022-11-20 20:25:53.080  INFO 9928 --- [    Test worker] c.j.b.s.web.IndexControllerTest          : Started IndexControllerTest in 0.628 seconds (JVM running for 3.976)
2022-11-20 20:25:53.123  INFO 9928 --- [o-auto-1-exec-1] o.a.c.c.C.[Tomcat].[localhost].[/]       : Initializing Spring DispatcherServlet 'dispatcherServlet'
2022-11-20 20:25:53.123  INFO 9928 --- [o-auto-1-exec-1] o.s.web.servlet.DispatcherServlet        : Initializing Servlet 'dispatcherServlet'
2022-11-20 20:25:53.124  INFO 9928 --- [o-auto-1-exec-1] o.s.web.servlet.DispatcherServlet        : Completed initialization in 1 ms
Hibernate: select posts0_.id as id1_0_, posts0_.created_date as created_2_0_, posts0_.modified_date as modified3_0_, posts0_.author as author4_0_, posts0_.content as content5_0_, posts0_.title as title6_0_ from posts posts0_ order by posts0_.id DESC
]]></system-out>
  <system-err><![CDATA[]]></system-err>
</testsuite>
