<?xml version="1.0" encoding="UTF-8"?>
<testsuite name="com.jojoldu.book.springboot.web.IndexControllerTest" tests="1" skipped="0" failures="0" errors="0" timestamp="2022-11-18T17:30:46" hostname="mun-yujin-ui-MacBookAir.local" time="0.079">
  <properties/>
  <testcase name="메인페이지_로딩()" classname="com.jojoldu.book.springboot.web.IndexControllerTest" time="0.079"/>
  <system-out><![CDATA[2022-11-19 02:30:45.750  INFO 5652 --- [    Test worker] .b.t.c.SpringBootTestContextBootstrapper : Neither @ContextConfiguration nor @ContextHierarchy found for test class [com.jojoldu.book.springboot.web.IndexControllerTest], using SpringBootContextLoader
2022-11-19 02:30:45.750  INFO 5652 --- [    Test worker] o.s.t.c.support.AbstractContextLoader    : Could not detect default resource locations for test class [com.jojoldu.book.springboot.web.IndexControllerTest]: no resource found for suffixes {-context.xml, Context.groovy}.
2022-11-19 02:30:45.750  INFO 5652 --- [    Test worker] t.c.s.AnnotationConfigContextLoaderUtils : Could not detect default configuration classes for test class [com.jojoldu.book.springboot.web.IndexControllerTest]: IndexControllerTest does not declare any static, non-private, non-final, nested classes annotated with @Configuration.
2022-11-19 02:30:45.751  INFO 5652 --- [    Test worker] .b.t.c.SpringBootTestContextBootstrapper : Found @SpringBootConfiguration com.jojoldu.book.springboot.Application for test class com.jojoldu.book.springboot.web.IndexControllerTest
2022-11-19 02:30:45.752  INFO 5652 --- [    Test worker] .b.t.c.SpringBootTestContextBootstrapper : Loaded default TestExecutionListener class names from location [META-INF/spring.factories]: [org.springframework.security.test.context.support.WithSecurityContextTestExecutionListener, org.springframework.security.test.context.support.ReactorContextTestExecutionListener, org.springframework.boot.test.autoconfigure.restdocs.RestDocsTestExecutionListener, org.springframework.boot.test.autoconfigure.web.client.MockRestServiceServerResetTestExecutionListener, org.springframework.boot.test.autoconfigure.web.servlet.MockMvcPrintOnlyOnFailureTestExecutionListener, org.springframework.boot.test.autoconfigure.web.servlet.WebDriverTestExecutionListener, org.springframework.boot.test.autoconfigure.webservices.client.MockWebServiceServerTestExecutionListener, org.springframework.boot.test.mock.mockito.MockitoTestExecutionListener, org.springframework.boot.test.mock.mockito.ResetMocksTestExecutionListener, org.springframework.test.context.web.ServletTestExecutionListener, org.springframework.test.context.support.DirtiesContextBeforeModesTestExecutionListener, org.springframework.test.context.support.DependencyInjectionTestExecutionListener, org.springframework.test.context.support.DirtiesContextTestExecutionListener, org.springframework.test.context.transaction.TransactionalTestExecutionListener, org.springframework.test.context.jdbc.SqlScriptsTestExecutionListener, org.springframework.test.context.event.EventPublishingTestExecutionListener]
2022-11-19 02:30:45.753  INFO 5652 --- [    Test worker] .b.t.c.SpringBootTestContextBootstrapper : Using TestExecutionListeners: [org.springframework.test.context.web.ServletTestExecutionListener@2fe6064b, org.springframework.test.context.support.DirtiesContextBeforeModesTestExecutionListener@11fb918d, org.springframework.boot.test.mock.mockito.MockitoTestExecutionListener@55dbcda5, org.springframework.boot.test.autoconfigure.SpringBootDependencyInjectionTestExecutionListener@6e34f0f0, org.springframework.test.context.support.DirtiesContextTestExecutionListener@71ff7723, org.springframework.test.context.transaction.TransactionalTestExecutionListener@3cc5f768, org.springframework.test.context.jdbc.SqlScriptsTestExecutionListener@37f8a3b0, org.springframework.security.test.context.support.WithSecurityContextTestExecutionListener@7e8276cf, org.springframework.test.context.event.EventPublishingTestExecutionListener@744e5053, org.springframework.security.test.context.support.ReactorContextTestExecutionListener@67238705, org.springframework.boot.test.autoconfigure.restdocs.RestDocsTestExecutionListener@15b45d72, org.springframework.boot.test.autoconfigure.web.client.MockRestServiceServerResetTestExecutionListener@78ed7505, org.springframework.boot.test.autoconfigure.web.servlet.MockMvcPrintOnlyOnFailureTestExecutionListener@7ea76e83, org.springframework.boot.test.autoconfigure.web.servlet.WebDriverTestExecutionListener@547d5fd, org.springframework.boot.test.autoconfigure.webservices.client.MockWebServiceServerTestExecutionListener@322f57ea, org.springframework.boot.test.mock.mockito.ResetMocksTestExecutionListener@21f959f7]

  .   ____          _            __ _ _
 /\\ / ___'_ __ _ _(_)_ __  __ _ \ \ \ \
( ( )\___ | '_ | '_| | '_ \/ _` | \ \ \ \
 \\/  ___)| |_)| | | | | || (_| |  ) ) ) )
  '  |____| .__|_| |_|_| |_\__, | / / / /
 =========|_|==============|___/=/_/_/_/
 :: Spring Boot ::                (v2.4.1)

2022-11-19 02:30:45.764  INFO 5652 --- [    Test worker] c.j.b.s.web.IndexControllerTest          : Starting IndexControllerTest using Java 11.0.17 on mun-yujin-ui-MacBookAir.local with PID 5652 (started by yujin in /Users/yujin/Documents/동아리/GDSC/2022-02-Spring-Novice-Study/문유진)
2022-11-19 02:30:45.764  INFO 5652 --- [    Test worker] c.j.b.s.web.IndexControllerTest          : No active profile set, falling back to default profiles: default
2022-11-19 02:30:45.833  INFO 5652 --- [    Test worker] .s.d.r.c.RepositoryConfigurationDelegate : Bootstrapping Spring Data JPA repositories in DEFAULT mode.
2022-11-19 02:30:45.841  INFO 5652 --- [    Test worker] .s.d.r.c.RepositoryConfigurationDelegate : Finished Spring Data repository scanning in 7 ms. Found 2 JPA repository interfaces.
2022-11-19 02:30:45.966  INFO 5652 --- [    Test worker] o.s.b.w.embedded.tomcat.TomcatWebServer  : Tomcat initialized with port(s): 0 (http)
2022-11-19 02:30:45.972  INFO 5652 --- [    Test worker] o.apache.catalina.core.StandardService   : Starting service [Tomcat]
2022-11-19 02:30:45.973  INFO 5652 --- [    Test worker] org.apache.catalina.core.StandardEngine  : Starting Servlet engine: [Apache Tomcat/9.0.41]
2022-11-19 02:30:46.025  INFO 5652 --- [    Test worker] o.a.c.c.C.[Tomcat].[localhost].[/]       : Initializing Spring embedded WebApplicationContext
2022-11-19 02:30:46.025  INFO 5652 --- [    Test worker] w.s.c.ServletWebServerApplicationContext : Root WebApplicationContext: initialization completed in 259 ms
2022-11-19 02:30:46.041  INFO 5652 --- [    Test worker] com.zaxxer.hikari.HikariDataSource       : HikariPool-2 - Starting...
2022-11-19 02:30:46.041  INFO 5652 --- [    Test worker] com.zaxxer.hikari.HikariDataSource       : HikariPool-2 - Start completed.
2022-11-19 02:30:46.042  INFO 5652 --- [    Test worker] o.s.b.a.h2.H2ConsoleAutoConfiguration    : H2 console available at '/h2-console'. Database available at 'jdbc:h2:mem:testdb'
2022-11-19 02:30:46.088  INFO 5652 --- [    Test worker] o.hibernate.jpa.internal.util.LogHelper  : HHH000204: Processing PersistenceUnitInfo [name: default]
2022-11-19 02:30:46.092  INFO 5652 --- [    Test worker] org.hibernate.dialect.Dialect            : HHH000400: Using dialect: org.hibernate.dialect.MySQL57Dialect
Hibernate: drop table if exists posts
Hibernate: drop table if exists user
Hibernate: create table posts (id bigint not null auto_increment, created_date datetime(6), modified_date datetime(6), author varchar(255), content Text not null, title varchar(500) not null, primary key (id)) engine=InnoDB
Hibernate: create table user (id bigint not null auto_increment, created_date datetime(6), modified_date datetime(6), email varchar(255) not null, name varchar(255) not null, picture varchar(255), role varchar(255) not null, primary key (id)) engine=InnoDB
2022-11-19 02:30:46.118  INFO 5652 --- [    Test worker] o.h.e.t.j.p.i.JtaPlatformInitiator       : HHH000490: Using JtaPlatform implementation: [org.hibernate.engine.transaction.jta.platform.internal.NoJtaPlatform]
2022-11-19 02:30:46.118  INFO 5652 --- [    Test worker] j.LocalContainerEntityManagerFactoryBean : Initialized JPA EntityManagerFactory for persistence unit 'default'
2022-11-19 02:30:46.201  WARN 5652 --- [    Test worker] JpaBaseConfiguration$JpaWebConfiguration : spring.jpa.open-in-view is enabled by default. Therefore, database queries may be performed during view rendering. Explicitly configure spring.jpa.open-in-view to disable this warning
2022-11-19 02:30:46.267  INFO 5652 --- [    Test worker] o.s.s.web.DefaultSecurityFilterChain     : Will secure any request with [org.springframework.security.web.context.request.async.WebAsyncManagerIntegrationFilter@663effcd, org.springframework.security.web.context.SecurityContextPersistenceFilter@2f11dc54, org.springframework.security.web.header.HeaderWriterFilter@14f82fba, org.springframework.security.web.authentication.logout.LogoutFilter@15a05f4a, org.springframework.security.oauth2.client.web.OAuth2AuthorizationRequestRedirectFilter@5dfe90af, org.springframework.security.oauth2.client.web.OAuth2LoginAuthenticationFilter@40485462, org.springframework.security.web.authentication.ui.DefaultLoginPageGeneratingFilter@1040f7c0, org.springframework.security.web.authentication.ui.DefaultLogoutPageGeneratingFilter@680e214b, org.springframework.security.web.savedrequest.RequestCacheAwareFilter@5affcd2d, org.springframework.security.web.servletapi.SecurityContextHolderAwareRequestFilter@fafac37, org.springframework.security.web.authentication.AnonymousAuthenticationFilter@41dcaf0d, org.springframework.security.web.session.SessionManagementFilter@14216a28, org.springframework.security.web.access.ExceptionTranslationFilter@4867af94, org.springframework.security.web.access.intercept.FilterSecurityInterceptor@769f042d]
2022-11-19 02:30:46.301  INFO 5652 --- [    Test worker] o.s.s.concurrent.ThreadPoolTaskExecutor  : Initializing ExecutorService 'applicationTaskExecutor'
2022-11-19 02:30:46.314  INFO 5652 --- [    Test worker] o.s.b.a.w.s.WelcomePageHandlerMapping    : Adding welcome page template: index
2022-11-19 02:30:46.383  INFO 5652 --- [    Test worker] o.s.b.w.embedded.tomcat.TomcatWebServer  : Tomcat started on port(s): 49685 (http) with context path ''
2022-11-19 02:30:46.385  INFO 5652 --- [    Test worker] s.a.ScheduledAnnotationBeanPostProcessor : No TaskScheduler/ScheduledExecutorService bean found for scheduled processing
2022-11-19 02:30:46.385  INFO 5652 --- [    Test worker] c.j.b.s.web.IndexControllerTest          : Started IndexControllerTest in 0.631 seconds (JVM running for 3.854)
2022-11-19 02:30:46.432  INFO 5652 --- [o-auto-1-exec-1] o.a.c.c.C.[Tomcat].[localhost].[/]       : Initializing Spring DispatcherServlet 'dispatcherServlet'
2022-11-19 02:30:46.432  INFO 5652 --- [o-auto-1-exec-1] o.s.web.servlet.DispatcherServlet        : Initializing Servlet 'dispatcherServlet'
2022-11-19 02:30:46.433  INFO 5652 --- [o-auto-1-exec-1] o.s.web.servlet.DispatcherServlet        : Completed initialization in 1 ms
Hibernate: select posts0_.id as id1_0_, posts0_.created_date as created_2_0_, posts0_.modified_date as modified3_0_, posts0_.author as author4_0_, posts0_.content as content5_0_, posts0_.title as title6_0_ from posts posts0_ order by posts0_.id DESC
]]></system-out>
  <system-err><![CDATA[]]></system-err>
</testsuite>
