<?xml version="1.0" encoding="UTF-8"?>
<testsuite name="com.jojoldu.book.springboot.web.HelloControllerTest" tests="2" skipped="0" failures="0" errors="0" timestamp="2022-11-18T17:30:45" hostname="mun-yujin-ui-MacBookAir.local" time="0.066">
  <properties/>
  <testcase name="hello가_리턴된다()" classname="com.jojoldu.book.springboot.web.HelloControllerTest" time="0.031"/>
  <testcase name="helloDto가_리턴된다()" classname="com.jojoldu.book.springboot.web.HelloControllerTest" time="0.034"/>
  <system-out><![CDATA[2022-11-19 02:30:45.405  INFO 5652 --- [    Test worker] .b.t.a.w.s.WebMvcTestContextBootstrapper : Neither @ContextConfiguration nor @ContextHierarchy found for test class [com.jojoldu.book.springboot.web.HelloControllerTest], using SpringBootContextLoader
2022-11-19 02:30:45.405  INFO 5652 --- [    Test worker] o.s.t.c.support.AbstractContextLoader    : Could not detect default resource locations for test class [com.jojoldu.book.springboot.web.HelloControllerTest]: no resource found for suffixes {-context.xml, Context.groovy}.
2022-11-19 02:30:45.405  INFO 5652 --- [    Test worker] t.c.s.AnnotationConfigContextLoaderUtils : Could not detect default configuration classes for test class [com.jojoldu.book.springboot.web.HelloControllerTest]: HelloControllerTest does not declare any static, non-private, non-final, nested classes annotated with @Configuration.
2022-11-19 02:30:45.415  INFO 5652 --- [    Test worker] .b.t.c.SpringBootTestContextBootstrapper : Found @SpringBootConfiguration com.jojoldu.book.springboot.Application for test class com.jojoldu.book.springboot.web.HelloControllerTest
2022-11-19 02:30:45.415  INFO 5652 --- [    Test worker] .b.t.a.w.s.WebMvcTestContextBootstrapper : Loaded default TestExecutionListener class names from location [META-INF/spring.factories]: [org.springframework.security.test.context.support.WithSecurityContextTestExecutionListener, org.springframework.security.test.context.support.ReactorContextTestExecutionListener, org.springframework.boot.test.autoconfigure.restdocs.RestDocsTestExecutionListener, org.springframework.boot.test.autoconfigure.web.client.MockRestServiceServerResetTestExecutionListener, org.springframework.boot.test.autoconfigure.web.servlet.MockMvcPrintOnlyOnFailureTestExecutionListener, org.springframework.boot.test.autoconfigure.web.servlet.WebDriverTestExecutionListener, org.springframework.boot.test.autoconfigure.webservices.client.MockWebServiceServerTestExecutionListener, org.springframework.boot.test.mock.mockito.MockitoTestExecutionListener, org.springframework.boot.test.mock.mockito.ResetMocksTestExecutionListener, org.springframework.test.context.web.ServletTestExecutionListener, org.springframework.test.context.support.DirtiesContextBeforeModesTestExecutionListener, org.springframework.test.context.support.DependencyInjectionTestExecutionListener, org.springframework.test.context.support.DirtiesContextTestExecutionListener, org.springframework.test.context.transaction.TransactionalTestExecutionListener, org.springframework.test.context.jdbc.SqlScriptsTestExecutionListener, org.springframework.test.context.event.EventPublishingTestExecutionListener]
2022-11-19 02:30:45.416  INFO 5652 --- [    Test worker] .b.t.a.w.s.WebMvcTestContextBootstrapper : Using TestExecutionListeners: [org.springframework.test.context.web.ServletTestExecutionListener@8420558, org.springframework.test.context.support.DirtiesContextBeforeModesTestExecutionListener@2594c68e, org.springframework.boot.test.mock.mockito.MockitoTestExecutionListener@503827fc, org.springframework.boot.test.autoconfigure.SpringBootDependencyInjectionTestExecutionListener@338afca2, org.springframework.test.context.support.DirtiesContextTestExecutionListener@2bfa574e, org.springframework.test.context.transaction.TransactionalTestExecutionListener@28d94409, org.springframework.test.context.jdbc.SqlScriptsTestExecutionListener@39cf9129, org.springframework.security.test.context.support.WithSecurityContextTestExecutionListener@5dc4055e, org.springframework.test.context.event.EventPublishingTestExecutionListener@247d798f, org.springframework.security.test.context.support.ReactorContextTestExecutionListener@46e68805, org.springframework.boot.test.autoconfigure.restdocs.RestDocsTestExecutionListener@3651f29, org.springframework.boot.test.autoconfigure.web.client.MockRestServiceServerResetTestExecutionListener@7e7614ee, org.springframework.boot.test.autoconfigure.web.servlet.MockMvcPrintOnlyOnFailureTestExecutionListener@3108abae, org.springframework.boot.test.autoconfigure.web.servlet.WebDriverTestExecutionListener@43dcbb2a, org.springframework.boot.test.autoconfigure.webservices.client.MockWebServiceServerTestExecutionListener@68eb682f, org.springframework.boot.test.mock.mockito.ResetMocksTestExecutionListener@26f4d0b8]

  .   ____          _            __ _ _
 /\\ / ___'_ __ _ _(_)_ __  __ _ \ \ \ \
( ( )\___ | '_ | '_| | '_ \/ _` | \ \ \ \
 \\/  ___)| |_)| | | | | || (_| |  ) ) ) )
  '  |____| .__|_| |_|_| |_\__, | / / / /
 =========|_|==============|___/=/_/_/_/
 :: Spring Boot ::                (v2.4.1)

2022-11-19 02:30:45.426  INFO 5652 --- [    Test worker] c.j.b.s.web.HelloControllerTest          : Starting HelloControllerTest using Java 11.0.17 on mun-yujin-ui-MacBookAir.local with PID 5652 (started by yujin in /Users/yujin/Documents/동아리/GDSC/2022-02-Spring-Novice-Study/문유진)
2022-11-19 02:30:45.427  INFO 5652 --- [    Test worker] c.j.b.s.web.HelloControllerTest          : No active profile set, falling back to default profiles: default
2022-11-19 02:30:45.550  INFO 5652 --- [    Test worker] o.s.s.concurrent.ThreadPoolTaskExecutor  : Initializing ExecutorService 'applicationTaskExecutor'
2022-11-19 02:30:45.561  INFO 5652 --- [    Test worker] o.s.b.a.w.s.WelcomePageHandlerMapping    : Adding welcome page template: index
2022-11-19 02:30:45.645  INFO 5652 --- [    Test worker] o.s.s.web.DefaultSecurityFilterChain     : Will secure any request with [org.springframework.security.web.context.request.async.WebAsyncManagerIntegrationFilter@59df087a, org.springframework.security.web.context.SecurityContextPersistenceFilter@48643a0e, org.springframework.security.web.header.HeaderWriterFilter@66efd2f9, org.springframework.security.web.csrf.CsrfFilter@291f70f7, org.springframework.security.web.authentication.logout.LogoutFilter@753cda16, org.springframework.security.oauth2.client.web.OAuth2AuthorizationRequestRedirectFilter@1c645b8f, org.springframework.security.oauth2.client.web.OAuth2AuthorizationRequestRedirectFilter@73bcc8a6, org.springframework.security.oauth2.client.web.OAuth2LoginAuthenticationFilter@308ed75f, org.springframework.security.web.authentication.ui.DefaultLoginPageGeneratingFilter@78cc2975, org.springframework.security.web.authentication.ui.DefaultLogoutPageGeneratingFilter@3e3648cc, org.springframework.security.web.savedrequest.RequestCacheAwareFilter@507bb0d4, org.springframework.security.web.servletapi.SecurityContextHolderAwareRequestFilter@481bc838, org.springframework.security.web.authentication.AnonymousAuthenticationFilter@f47fdb4, org.springframework.security.oauth2.client.web.OAuth2AuthorizationCodeGrantFilter@343e1728, org.springframework.security.web.session.SessionManagementFilter@92bb0bd, org.springframework.security.web.access.ExceptionTranslationFilter@34258442, org.springframework.security.web.access.intercept.FilterSecurityInterceptor@712b7372]
2022-11-19 02:30:45.674  INFO 5652 --- [    Test worker] o.s.b.t.m.w.SpringBootMockServletContext : Initializing Spring TestDispatcherServlet ''
2022-11-19 02:30:45.674  INFO 5652 --- [    Test worker] o.s.t.web.servlet.TestDispatcherServlet  : Initializing Servlet ''
2022-11-19 02:30:45.675  INFO 5652 --- [    Test worker] o.s.t.web.servlet.TestDispatcherServlet  : Completed initialization in 1 ms
2022-11-19 02:30:45.680  INFO 5652 --- [    Test worker] c.j.b.s.web.HelloControllerTest          : Started HelloControllerTest in 0.263 seconds (JVM running for 3.15)
]]></system-out>
  <system-err><![CDATA[]]></system-err>
</testsuite>
