<?xml version="1.0" encoding="UTF-8"?>
<testsuite name="com.jojoldu.book.springboot.web.HelloControllerTest" tests="2" skipped="0" failures="0" errors="0" timestamp="2022-11-20T11:25:52" hostname="mun-yujin-ui-MacBookAir.local" time="0.065">
  <properties/>
  <testcase name="hello가_리턴된다()" classname="com.jojoldu.book.springboot.web.HelloControllerTest" time="0.031"/>
  <testcase name="helloDto가_리턴된다()" classname="com.jojoldu.book.springboot.web.HelloControllerTest" time="0.033"/>
  <system-out><![CDATA[2022-11-20 20:25:52.086  INFO 9928 --- [    Test worker] .b.t.a.w.s.WebMvcTestContextBootstrapper : Neither @ContextConfiguration nor @ContextHierarchy found for test class [com.jojoldu.book.springboot.web.HelloControllerTest], using SpringBootContextLoader
2022-11-20 20:25:52.086  INFO 9928 --- [    Test worker] o.s.t.c.support.AbstractContextLoader    : Could not detect default resource locations for test class [com.jojoldu.book.springboot.web.HelloControllerTest]: no resource found for suffixes {-context.xml, Context.groovy}.
2022-11-20 20:25:52.086  INFO 9928 --- [    Test worker] t.c.s.AnnotationConfigContextLoaderUtils : Could not detect default configuration classes for test class [com.jojoldu.book.springboot.web.HelloControllerTest]: HelloControllerTest does not declare any static, non-private, non-final, nested classes annotated with @Configuration.
2022-11-20 20:25:52.094  INFO 9928 --- [    Test worker] .b.t.c.SpringBootTestContextBootstrapper : Found @SpringBootConfiguration com.jojoldu.book.springboot.Application for test class com.jojoldu.book.springboot.web.HelloControllerTest
2022-11-20 20:25:52.095  INFO 9928 --- [    Test worker] .b.t.a.w.s.WebMvcTestContextBootstrapper : Loaded default TestExecutionListener class names from location [META-INF/spring.factories]: [org.springframework.security.test.context.support.WithSecurityContextTestExecutionListener, org.springframework.security.test.context.support.ReactorContextTestExecutionListener, org.springframework.boot.test.autoconfigure.restdocs.RestDocsTestExecutionListener, org.springframework.boot.test.autoconfigure.web.client.MockRestServiceServerResetTestExecutionListener, org.springframework.boot.test.autoconfigure.web.servlet.MockMvcPrintOnlyOnFailureTestExecutionListener, org.springframework.boot.test.autoconfigure.web.servlet.WebDriverTestExecutionListener, org.springframework.boot.test.autoconfigure.webservices.client.MockWebServiceServerTestExecutionListener, org.springframework.boot.test.mock.mockito.MockitoTestExecutionListener, org.springframework.boot.test.mock.mockito.ResetMocksTestExecutionListener, org.springframework.test.context.web.ServletTestExecutionListener, org.springframework.test.context.support.DirtiesContextBeforeModesTestExecutionListener, org.springframework.test.context.support.DependencyInjectionTestExecutionListener, org.springframework.test.context.support.DirtiesContextTestExecutionListener, org.springframework.test.context.transaction.TransactionalTestExecutionListener, org.springframework.test.context.jdbc.SqlScriptsTestExecutionListener, org.springframework.test.context.event.EventPublishingTestExecutionListener]
2022-11-20 20:25:52.095  INFO 9928 --- [    Test worker] .b.t.a.w.s.WebMvcTestContextBootstrapper : Using TestExecutionListeners: [org.springframework.test.context.web.ServletTestExecutionListener@2d200310, org.springframework.test.context.support.DirtiesContextBeforeModesTestExecutionListener@68742a98, org.springframework.boot.test.mock.mockito.MockitoTestExecutionListener@50e174a5, org.springframework.boot.test.autoconfigure.SpringBootDependencyInjectionTestExecutionListener@6e6e5e7b, org.springframework.test.context.support.DirtiesContextTestExecutionListener@437bf825, org.springframework.test.context.transaction.TransactionalTestExecutionListener@a922a38, org.springframework.test.context.jdbc.SqlScriptsTestExecutionListener@510d3393, org.springframework.security.test.context.support.WithSecurityContextTestExecutionListener@4d0c324f, org.springframework.test.context.event.EventPublishingTestExecutionListener@51aa511b, org.springframework.security.test.context.support.ReactorContextTestExecutionListener@4af272fc, org.springframework.boot.test.autoconfigure.restdocs.RestDocsTestExecutionListener@72db519a, org.springframework.boot.test.autoconfigure.web.client.MockRestServiceServerResetTestExecutionListener@5e698bc4, org.springframework.boot.test.autoconfigure.web.servlet.MockMvcPrintOnlyOnFailureTestExecutionListener@5d482b9b, org.springframework.boot.test.autoconfigure.web.servlet.WebDriverTestExecutionListener@474d75c, org.springframework.boot.test.autoconfigure.webservices.client.MockWebServiceServerTestExecutionListener@2c8b01c9, org.springframework.boot.test.mock.mockito.ResetMocksTestExecutionListener@3eae8837]

  .   ____          _            __ _ _
 /\\ / ___'_ __ _ _(_)_ __  __ _ \ \ \ \
( ( )\___ | '_ | '_| | '_ \/ _` | \ \ \ \
 \\/  ___)| |_)| | | | | || (_| |  ) ) ) )
  '  |____| .__|_| |_|_| |_\__, | / / / /
 =========|_|==============|___/=/_/_/_/
 :: Spring Boot ::                (v2.4.1)

2022-11-20 20:25:52.105  INFO 9928 --- [    Test worker] c.j.b.s.web.HelloControllerTest          : Starting HelloControllerTest using Java 11.0.17 on mun-yujin-ui-MacBookAir.local with PID 9928 (started by yujin in /Users/yujin/Documents/동아리/GDSC/2022-02-Spring-Novice-Study/문유진)
2022-11-20 20:25:52.106  INFO 9928 --- [    Test worker] c.j.b.s.web.HelloControllerTest          : No active profile set, falling back to default profiles: default
2022-11-20 20:25:52.236  INFO 9928 --- [    Test worker] o.s.s.concurrent.ThreadPoolTaskExecutor  : Initializing ExecutorService 'applicationTaskExecutor'
2022-11-20 20:25:52.250  INFO 9928 --- [    Test worker] o.s.b.a.w.s.WelcomePageHandlerMapping    : Adding welcome page template: index
2022-11-20 20:25:52.342  INFO 9928 --- [    Test worker] o.s.s.web.DefaultSecurityFilterChain     : Will secure any request with [org.springframework.security.web.context.request.async.WebAsyncManagerIntegrationFilter@1b1f7ae3, org.springframework.security.web.context.SecurityContextPersistenceFilter@76777ace, org.springframework.security.web.header.HeaderWriterFilter@3def90a0, org.springframework.security.web.csrf.CsrfFilter@5ae2a288, org.springframework.security.web.authentication.logout.LogoutFilter@78fb4da0, org.springframework.security.oauth2.client.web.OAuth2AuthorizationRequestRedirectFilter@3c476e72, org.springframework.security.oauth2.client.web.OAuth2AuthorizationRequestRedirectFilter@38447e1b, org.springframework.security.oauth2.client.web.OAuth2LoginAuthenticationFilter@742075af, org.springframework.security.web.authentication.ui.DefaultLoginPageGeneratingFilter@57872d09, org.springframework.security.web.authentication.ui.DefaultLogoutPageGeneratingFilter@64d0dab8, org.springframework.security.web.savedrequest.RequestCacheAwareFilter@30b3ec0a, org.springframework.security.web.servletapi.SecurityContextHolderAwareRequestFilter@7198102c, org.springframework.security.web.authentication.AnonymousAuthenticationFilter@38d2617f, org.springframework.security.oauth2.client.web.OAuth2AuthorizationCodeGrantFilter@7d38475b, org.springframework.security.web.session.SessionManagementFilter@666455ec, org.springframework.security.web.access.ExceptionTranslationFilter@72568a80, org.springframework.security.web.access.intercept.FilterSecurityInterceptor@2081d6b1]
2022-11-20 20:25:52.373  INFO 9928 --- [    Test worker] o.s.b.t.m.w.SpringBootMockServletContext : Initializing Spring TestDispatcherServlet ''
2022-11-20 20:25:52.373  INFO 9928 --- [    Test worker] o.s.t.web.servlet.TestDispatcherServlet  : Initializing Servlet ''
2022-11-20 20:25:52.373  INFO 9928 --- [    Test worker] o.s.t.web.servlet.TestDispatcherServlet  : Completed initialization in 0 ms
2022-11-20 20:25:52.380  INFO 9928 --- [    Test worker] c.j.b.s.web.HelloControllerTest          : Started HelloControllerTest in 0.283 seconds (JVM running for 3.275)
]]></system-out>
  <system-err><![CDATA[]]></system-err>
</testsuite>
